<?xml version="1.0" encoding="UTF-8"?>
<!-- Generated by org.testng.reporters.JUnitXMLReporter -->
<testsuite hostname="Jaivir-Macbook.local" ignored="0" name="Test" tests="3" failures="1" timestamp="27 Jul 2017 10:06:11 GMT" time="4.964" errors="0">
  <testcase name="testSearch" time="4.394" classname="com.snapdeal.test.LoginTest"/>
  <testcase name="testLoginHeader" time="0.521" classname="com.snapdeal.test.LoginTest"/>
  <testcase name="testLogin" time="0.0" classname="com.snapdeal.test.LoginTest">
    <failure type="org.testng.TestNGException" message="
Cannot inject @Test annotated Method [testLogin] with [class java.lang.String, class java.lang.String, class java.lang.String, class java.lang.String].
For more information on native dependency injection please refer to http://testng.org/doc/documentation-main.html#native-dependency-injection">
      <![CDATA[org.testng.TestNGException: 
Cannot inject @Test annotated Method [testLogin] with [class java.lang.String, class java.lang.String, class java.lang.String, class java.lang.String].
For more information on native dependency injection please refer to http://testng.org/doc/documentation-main.html#native-dependency-injection
... Removed 24 stack frames]]>
    </failure>
  </testcase> <!-- testLogin -->
</testsuite> <!-- Test -->
