<?xml version="1.0" encoding="UTF-8"?>
<!-- Generated by org.testng.reporters.JUnitXMLReporter -->
<testsuite hostname="JaivirMacBook-Pro.local" ignored="0" name="Method Test Cases" tests="3" failures="1" timestamp="29 Aug 2017 08:54:04 GMT" time="12.99" errors="0">
  <testcase name="testSearch" time="5.493" classname="com.snapdeal.test.LoginTest"/>
  <testcase name="testLoginHeader" time="7.032" classname="com.snapdeal.test.LoginTest"/>
  <testcase name="testLogin" time="0.451" classname="com.snapdeal.test.LoginTest">
    <failure type="org.testng.internal.reflect.MethodMatcherException" message="
Data provider mismatch
Method: testLogin([Parameter{index=0, type=java.lang.String, declaredAnnotations=[]}, Parameter{index=1, type=java.lang.String, declaredAnnotations=[]}])
Arguments: [(java.lang.String)TC01,(java.lang.String)9.958111527E9,(java.lang.String)testing@123,(java.lang.String)Pass]">
      <![CDATA[org.testng.internal.reflect.MethodMatcherException: 
Data provider mismatch
Method: testLogin([Parameter{index=0, type=java.lang.String, declaredAnnotations=[]}, Parameter{index=1, type=java.lang.String, declaredAnnotations=[]}])
Arguments: [(java.lang.String)TC01,(java.lang.String)9.958111527E9,(java.lang.String)testing@123,(java.lang.String)Pass]
... Removed 20 stack frames]]>
    </failure>
  </testcase> <!-- testLogin -->
</testsuite> <!-- Method Test Cases -->
