<?xml version="1.0" encoding="UTF-8"?>
<!-- Generated by org.testng.reporters.JUnitXMLReporter -->
<testsuite hostname="Jaivir-Macbook.local" ignored="0" name="HomePageTest" tests="1" failures="1" timestamp="18 Jul 2017 07:46:46 GMT" time="0.123" errors="0">
  <testcase name="testSearch" time="0.103" classname="com.snapdeal.test.HomePageTest">
    <failure type="java.lang.NullPointerException">
      <![CDATA[java.lang.NullPointerException
	at java.util.Properties$LineReader.readLine(Properties.java:434)
	at java.util.Properties.load0(Properties.java:353)
	at java.util.Properties.load(Properties.java:341)
	at com.snapdeal.BaseQA.ReadPropertyFile.<init>(ReadPropertyFile.java:12)
	at com.snapdeal.Pages.HomePage.VerifyHomePage(HomePage.java:18)
	at com.snapdeal.test.HomePageTest.testSearch(HomePageTest.java:18)
... Removed 25 stack frames]]>
    </failure>
  </testcase> <!-- testSearch -->
</testsuite> <!-- HomePageTest -->
