<?xml version="1.0" encoding="UTF-8"?>
<testng-results skipped="0" failed="1" ignored="0" total="3" passed="2">
  <reporter-output>
    <line>
      <![CDATA[<img src="file:////Users/jaivir.singh/Downloads/AppSnapdealAutomation//Screenshots//testLoginHeader" alt=""/><br/>]]>
    </line>
  </reporter-output>
  <suite name="Default suite" duration-ms="43723" started-at="2017-09-26T11:46:11Z" finished-at="2017-09-26T11:46:55Z">
    <groups>
    </groups>
    <test name="Default test" duration-ms="43723" started-at="2017-09-26T11:46:11Z" finished-at="2017-09-26T11:46:55Z">
      <class name="com.snapdeal.test.LoginTest">
        <test-method status="PASS" signature="setUp()[pri:0, instance:com.snapdeal.test.LoginTest@7823a2f9]" name="setUp" is-config="true" duration-ms="26259" started-at="2017-09-26T17:15:45Z" finished-at="2017-09-26T17:16:11Z">
          <reporter-output>
          </reporter-output>
        </test-method> <!-- setUp -->
        <test-method status="PASS" signature="testSearch()[pri:0, instance:com.snapdeal.test.LoginTest@7823a2f9]" name="testSearch" duration-ms="8638" started-at="2017-09-26T17:16:11Z" finished-at="2017-09-26T17:16:20Z">
          <reporter-output>
          </reporter-output>
        </test-method> <!-- testSearch -->
        <test-method status="PASS" signature="testLoginHeader()[pri:1, instance:com.snapdeal.test.LoginTest@7823a2f9]" name="testLoginHeader" duration-ms="12401" started-at="2017-09-26T17:16:20Z" finished-at="2017-09-26T17:16:32Z">
          <reporter-output>
            <line>
              <![CDATA[<img src="file:////Users/jaivir.singh/Downloads/AppSnapdealAutomation//Screenshots//testLoginHeader" alt=""/><br/>]]>
            </line>
          </reporter-output>
        </test-method> <!-- testLoginHeader -->
        <test-method status="FAIL" signature="testLogin()[pri:2, instance:com.snapdeal.test.LoginTest@7823a2f9]" name="testLogin" duration-ms="22666" started-at="2017-09-26T17:16:32Z" finished-at="2017-09-26T17:16:55Z">
          <exception class="org.openqa.selenium.NoSuchElementException">
            <message>
              <![CDATA[An element could not be located on the page using the given search parameters. (WARNING: The server did not provide any stacktrace information)
Command duration or timeout: 0 milliseconds
For documentation on this error, please visit: http://seleniumhq.org/exceptions/no_such_element.html
Build info: version: '3.5.2', revision: '10229a9020', time: '2017-08-21T17:54:21.164Z'
System info: host: 'JaivirMacBook-Pro.local', ip: 'fe80:0:0:0:18e0:9e9c:3d26:f90a%en0', os.name: 'Mac OS X', os.arch: 'x86_64', os.version: '10.12.6', java.version: '1.8.0_144'
Driver info: org.openqa.selenium.remote.RemoteWebDriver
Capabilities [{appPackage=com.snapdeal.main, deviceScreenSize=540x960, networkConnectionEnabled=true, warnings={}, databaseEnabled=false, deviceName=10.20.57.156:5555, platform=LINUX, deviceUDID=10.20.57.156:5555, appActivity=com.snapdeal.ui.material.activity.MaterialMainActivity, desired={appPackage=com.snapdeal.main, appActivity=com.snapdeal.ui.material.activity.MaterialMainActivity, BROWSER_NAME=Chrome, VERSION=7.0.2, platformName=Android, deviceName=SamsungEdge6}, BROWSER_NAME=Chrome, platformVersion=6.0, webStorageEnabled=false, locationContextEnabled=false, VERSION=7.0.2, takesScreenshot=true, javascriptEnabled=true, deviceModel=MotoE2(4G-LTE), platformName=Android, deviceManufacturer=motorola}]
Session ID: 9a7acb3c-34f8-4118-918b-80c78e589d0b
*** Element info: {Using=id, value=com.snapdeal.main:id/thirdEditText}]]>
            </message>
            <full-stacktrace>
              <![CDATA[org.openqa.selenium.NoSuchElementException: An element could not be located on the page using the given search parameters. (WARNING: The server did not provide any stacktrace information)
Command duration or timeout: 0 milliseconds
For documentation on this error, please visit: http://seleniumhq.org/exceptions/no_such_element.html
Build info: version: '3.5.2', revision: '10229a9020', time: '2017-08-21T17:54:21.164Z'
System info: host: 'JaivirMacBook-Pro.local', ip: 'fe80:0:0:0:18e0:9e9c:3d26:f90a%en0', os.name: 'Mac OS X', os.arch: 'x86_64', os.version: '10.12.6', java.version: '1.8.0_144'
Driver info: org.openqa.selenium.remote.RemoteWebDriver
Capabilities [{appPackage=com.snapdeal.main, deviceScreenSize=540x960, networkConnectionEnabled=true, warnings={}, databaseEnabled=false, deviceName=10.20.57.156:5555, platform=LINUX, deviceUDID=10.20.57.156:5555, appActivity=com.snapdeal.ui.material.activity.MaterialMainActivity, desired={appPackage=com.snapdeal.main, appActivity=com.snapdeal.ui.material.activity.MaterialMainActivity, BROWSER_NAME=Chrome, VERSION=7.0.2, platformName=Android, deviceName=SamsungEdge6}, BROWSER_NAME=Chrome, platformVersion=6.0, webStorageEnabled=false, locationContextEnabled=false, VERSION=7.0.2, takesScreenshot=true, javascriptEnabled=true, deviceModel=MotoE2(4G-LTE), platformName=Android, deviceManufacturer=motorola}]
Session ID: 9a7acb3c-34f8-4118-918b-80c78e589d0b
*** Element info: {Using=id, value=com.snapdeal.main:id/thirdEditText}
	at sun.reflect.NativeConstructorAccessorImpl.newInstance0(Native Method)
	at sun.reflect.NativeConstructorAccessorImpl.newInstance(NativeConstructorAccessorImpl.java:62)
	at sun.reflect.DelegatingConstructorAccessorImpl.newInstance(DelegatingConstructorAccessorImpl.java:45)
	at java.lang.reflect.Constructor.newInstance(Constructor.java:423)
	at org.openqa.selenium.remote.ErrorHandler.createThrowable(ErrorHandler.java:215)
	at org.openqa.selenium.remote.ErrorHandler.throwIfResponseFailed(ErrorHandler.java:167)
	at org.openqa.selenium.remote.http.JsonHttpResponseCodec.reconstructValue(JsonHttpResponseCodec.java:40)
	at org.openqa.selenium.remote.http.AbstractHttpResponseCodec.decode(AbstractHttpResponseCodec.java:82)
	at org.openqa.selenium.remote.http.AbstractHttpResponseCodec.decode(AbstractHttpResponseCodec.java:45)
	at org.openqa.selenium.remote.HttpCommandExecutor.execute(HttpCommandExecutor.java:164)
	at org.openqa.selenium.remote.RemoteWebDriver.execute(RemoteWebDriver.java:641)
	at org.openqa.selenium.remote.RemoteWebDriver.findElement(RemoteWebDriver.java:414)
	at org.openqa.selenium.remote.RemoteWebDriver.findElementById(RemoteWebDriver.java:457)
	at org.openqa.selenium.By$ById.findElement(By.java:218)
	at org.openqa.selenium.remote.RemoteWebDriver.findElement(RemoteWebDriver.java:406)
	at com.snapdeal.Pages.HomePage.VerifyPassword(HomePage.java:71)
	at com.snapdeal.test.LoginTest.testLogin(LoginTest.java:42)
	at sun.reflect.NativeMethodAccessorImpl.invoke0(Native Method)
	at sun.reflect.NativeMethodAccessorImpl.invoke(NativeMethodAccessorImpl.java:62)
	at sun.reflect.DelegatingMethodAccessorImpl.invoke(DelegatingMethodAccessorImpl.java:43)
	at java.lang.reflect.Method.invoke(Method.java:498)
	at org.testng.internal.MethodInvocationHelper.invokeMethod(MethodInvocationHelper.java:108)
	at org.testng.internal.Invoker.invokeMethod(Invoker.java:661)
	at org.testng.internal.Invoker.invokeTestMethod(Invoker.java:869)
	at org.testng.internal.Invoker.invokeTestMethods(Invoker.java:1193)
	at org.testng.internal.TestMethodWorker.invokeTestMethods(TestMethodWorker.java:126)
	at org.testng.internal.TestMethodWorker.run(TestMethodWorker.java:109)
	at org.testng.TestRunner.privateRun(TestRunner.java:744)
	at org.testng.TestRunner.run(TestRunner.java:602)
	at org.testng.SuiteRunner.runTest(SuiteRunner.java:380)
	at org.testng.SuiteRunner.runSequentially(SuiteRunner.java:375)
	at org.testng.SuiteRunner.privateRun(SuiteRunner.java:340)
	at org.testng.SuiteRunner.run(SuiteRunner.java:289)
	at org.testng.SuiteRunnerWorker.runSuite(SuiteRunnerWorker.java:52)
	at org.testng.SuiteRunnerWorker.run(SuiteRunnerWorker.java:86)
	at org.testng.TestNG.runSuitesSequentially(TestNG.java:1301)
	at org.testng.TestNG.runSuitesLocally(TestNG.java:1226)
	at org.testng.TestNG.runSuites(TestNG.java:1144)
	at org.testng.TestNG.run(TestNG.java:1115)
	at org.testng.remote.AbstractRemoteTestNG.run(AbstractRemoteTestNG.java:132)
	at org.testng.remote.RemoteTestNG.initAndRun(RemoteTestNG.java:230)
	at org.testng.remote.RemoteTestNG.main(RemoteTestNG.java:76)
]]>
            </full-stacktrace>
          </exception> <!-- org.openqa.selenium.NoSuchElementException -->
          <reporter-output>
          </reporter-output>
        </test-method> <!-- testLogin -->
        <test-method status="PASS" signature="teardown()[pri:0, instance:com.snapdeal.test.LoginTest@7823a2f9]" name="teardown" is-config="true" duration-ms="4301" started-at="2017-09-26T17:17:00Z" finished-at="2017-09-26T17:17:04Z">
          <reporter-output>
          </reporter-output>
        </test-method> <!-- teardown -->
      </class> <!-- com.snapdeal.test.LoginTest -->
    </test> <!-- Default test -->
  </suite> <!-- Default suite -->
</testng-results>
