<html xmlns:math="http://exslt.org/math" xmlns:testng="http://testng.org">
   <head>
      <title>TestNG Results</title>
      <meta http-equiv="content-type" content="text/html; charset=utf-8"></meta>
      <meta http-equiv="pragma" content="no-cache"></meta>
      <meta http-equiv="cache-control" content="max-age=0"></meta>
      <meta http-equiv="cache-control" content="no-cache"></meta>
      <meta http-equiv="cache-control" content="no-store"></meta>
      <LINK rel="stylesheet" href="style.css"></LINK>
      <script type="text/javascript" src="main.js"></script>
   </head>
   <body>
      <table width="100%" style="font-size: 16px; margin-bottom: 10px;" cellspacing="1">
         <tr>
            <td width="100%">
               Test case
               
               <b>Default test</b>
            </td>
            <td style="background-color: #FFBBBB; padding: 3px 3px 3px 0;" align="center">
               <div style="width: 50px;">1</div>
            </td>
            <td style="background-color: lightgreen; padding: 3px 3px 3px 0;" align="center">
               <div style="width: 50px;">2</div>
            </td>
            <td style="background-color: #FFFFBB; padding: 3px 3px 3px 0;" align="center">
               <div style="width: 50px;">0</div>
            </td>
            <td align="center" style="background-color: #eaf0f7; padding: 3px 3px 3px 0;">
               <div style="width: 50px;">3</div>
            </td>
            <td align="center"
                style="font-weight: bold; background-color: #eaf0f7; padding: 3px 3px 3px 0;">
               <div style="width: 50px;">67%</div>
            </td>
            <td style="background-color: #eaf0f7; padding: 3px 3px 3px 0;" align="center"
                nowrap="true">43s
               
            </td>
         </tr>
      </table>
      <div style="width: 200px;">
         <label for="groupMethodsCheckBox" style="font-weight: bold; margin: 0;">
            <input id="groupMethodsCheckBox" type="checkbox" onclick="switchTestMethodsView(this)"
                   checked=""></input>
            Group by class
            
         </label>
         <br></br>
         <label for="methodsFilter_ALL" style="font-weight: bold; margin: 0;">
            <input id="methodsFilter_ALL" type="checkbox"
                   onclick="testMethodsFilterChanged(this, 'ALL')"
                   checked=""></input>
            All
            
         </label>
      </div>
      <label for="methodsFilter_FAIL" style="margin-left: 20px;">
         <input id="methodsFilter_FAIL" type="checkbox"
                onclick="testMethodsFilterChanged(this, 'FAIL')"
                checked=""></input>
         Failed
         
      </label>
      <label for="methodsFilter_PASS">
         <input id="methodsFilter_PASS" type="checkbox"
                onclick="testMethodsFilterChanged(this, 'PASS')"
                checked=""></input>
         Passed
         
      </label>
      <label for="methodsFilter_SKIP">
         <input id="methodsFilter_SKIP" type="checkbox"
                onclick="testMethodsFilterChanged(this, 'SKIP')"
                checked=""></input>
         Skipped
         
      </label>
      <label for="methodsFilter_CONF">
         <input id="methodsFilter_CONF" type="checkbox"
                onclick="testMethodsFilterChanged(this, 'CONF')"
                checked=""></input>
         Config
         
      </label>
      <br></br>
      <div id="testMethodsByStatus" style="display: none;">
         <table class="testMethodsTable" cellpadding="0" cellspacing="0">
            <tr class="methodsTableHeader">
               <td width="100%">Name</td>
               <td nowrap="true">Started</td>
               <td nowrap="true">Duration</td>
               <td>Exception</td>
            </tr>
            <tr id="com.snapdeal.test.LoginTest_testLogin_byStatus_failed_FAIL1_row"
                class="testMethodStatusFAIL">
               <td width="100%" class="firstMethodCell">
                  <a onclick="toggleDetailsVisibility('com.snapdeal.test.LoginTest_testLogin_byStatus_failed_FAIL1_details')">testLogin()</a>
               </td>
               <td nowrap="true">17:16:32</td>
               <td nowrap="true" align="right">22s
                  
               </td>
               <td nowrap="true">
                  <a onclick="toggleDetailsVisibility('com.snapdeal.test.LoginTest_testLogin_byStatus_failed_FAIL1_exception')">org.openqa.selenium.NoSuchElementException: 
                     An element could not be located on the page using the given search parameters. (WARNING: The server did not provide any stacktrace
                     information)
                     Command duration or timeout: 0 milliseconds
                     For documentation on this error, please visit: http://seleniumhq.org/exceptions/no_such_element.html
                     Build info: version: '3.5.2', revision: '10229a9020', time: '2017-08-21T17:54:21.164Z'
                     System info: host: 'JaivirMacBook-Pro.local', ip: 'fe80:0:0:0:18e0:9e9c:3d26:f90a%en0', os.name: 'Mac OS X', os.arch: 'x86_64',
                     os.version: '10.12.6', java.version: '1.8.0_144'
                     Driver info: org.openqa.selenium.remote.RemoteWebDriver
                     Capabilities [{appPackage=com.snapdeal.main, deviceScreenSize=540x960, networkConnectionEnabled=true, warnings={}, databaseEnabled=false,
                     deviceName=10.20.57.156:5555, platform=LINUX, deviceUDID=10.20.57.156:5555, appActivity=com.snapdeal.ui.material.activity.MaterialMainActivity,
                     desired={appPackage=com.snapdeal.main, appActivity=com.snapdeal.ui.material.activity.MaterialMainActivity, BROWSER_NAME=Chrome,
                     VERSION=7.0.2, platformName=Android, deviceName=SamsungEdge6}, BROWSER_NAME=Chrome, platformVersion=6.0, webStorageEnabled=false,
                     locationContextEnabled=false, VERSION=7.0.2, takesScreenshot=true, javascriptEnabled=true, deviceModel=MotoE2(4G-LTE), platformName=Android,
                     deviceManufacturer=motorola}]
                     Session ID: 9a7acb3c-34f8-4118-918b-80c78e589d0b
                     *** Element info: {Using=id, value=com.snapdeal.main:id/thirdEditText}
                     
                  </a>
                   
                  
               </td>
            </tr>
            <tr>
               <td colspan="4" class="detailsBox">
                  <div id="com.snapdeal.test.LoginTest_testLogin_byStatus_failed_FAIL1_details"
                       class="testMethodDetails">
                     <div>
                        <b>Name: </b>testLogin
                     </div>
                     <div>
                        <b>Signature: </b>testLogin()[pri:2, instance:com.snapdeal.test.LoginTest@7823a2f9]
                     </div>
                     <div>
                        <b>Start time: </b>17:16:32
                     </div>
                     <div>
                        <b>End time: </b>17:16:55
                     </div>
                     <div>
                        <b>Duration: </b>22s
                        
                     </div>
                  </div>
               </td>
            </tr>
            <tr>
               <td colspan="4" class="detailsBox">
                  <div id="com.snapdeal.test.LoginTest_testLogin_byStatus_failed_FAIL1_exception"
                       class="testMethodDetails">
                     <pre style="padding: 5px; margin: 0;">org.openqa.selenium.NoSuchElementException: An element could not be located on the page using the given search parameters.
                        (WARNING: The server did not provide any stacktrace information)
                        Command duration or timeout: 0 milliseconds
                        For documentation on this error, please visit: http://seleniumhq.org/exceptions/no_such_element.html
                        Build info: version: '3.5.2', revision: '10229a9020', time: '2017-08-21T17:54:21.164Z'
                        System info: host: 'JaivirMacBook-Pro.local', ip: 'fe80:0:0:0:18e0:9e9c:3d26:f90a%en0', os.name: 'Mac OS X', os.arch: 'x86_64',
                        os.version: '10.12.6', java.version: '1.8.0_144'
                        Driver info: org.openqa.selenium.remote.RemoteWebDriver
                        Capabilities [{appPackage=com.snapdeal.main, deviceScreenSize=540x960, networkConnectionEnabled=true, warnings={}, databaseEnabled=false,
                        deviceName=10.20.57.156:5555, platform=LINUX, deviceUDID=10.20.57.156:5555, appActivity=com.snapdeal.ui.material.activity.MaterialMainActivity,
                        desired={appPackage=com.snapdeal.main, appActivity=com.snapdeal.ui.material.activity.MaterialMainActivity, BROWSER_NAME=Chrome,
                        VERSION=7.0.2, platformName=Android, deviceName=SamsungEdge6}, BROWSER_NAME=Chrome, platformVersion=6.0, webStorageEnabled=false,
                        locationContextEnabled=false, VERSION=7.0.2, takesScreenshot=true, javascriptEnabled=true, deviceModel=MotoE2(4G-LTE), platformName=Android,
                        deviceManufacturer=motorola}]
                        Session ID: 9a7acb3c-34f8-4118-918b-80c78e589d0b
                        *** Element info: {Using=id, value=com.snapdeal.main:id/thirdEditText}
                        	at sun.reflect.NativeConstructorAccessorImpl.newInstance0(Native Method)
                        	at sun.reflect.NativeConstructorAccessorImpl.newInstance(NativeConstructorAccessorImpl.java:62)
                        	at sun.reflect.DelegatingConstructorAccessorImpl.newInstance(DelegatingConstructorAccessorImpl.java:45)
                        	at java.lang.reflect.Constructor.newInstance(Constructor.java:423)
                        	at org.openqa.selenium.remote.ErrorHandler.createThrowable(ErrorHandler.java:215)
                        	at org.openqa.selenium.remote.ErrorHandler.throwIfResponseFailed(ErrorHandler.java:167)
                        	at org.openqa.selenium.remote.http.JsonHttpResponseCodec.reconstructValue(JsonHttpResponseCodec.java:40)
                        	at org.openqa.selenium.remote.http.AbstractHttpResponseCodec.decode(AbstractHttpResponseCodec.java:82)
                        	at org.openqa.selenium.remote.http.AbstractHttpResponseCodec.decode(AbstractHttpResponseCodec.java:45)
                        	at org.openqa.selenium.remote.HttpCommandExecutor.execute(HttpCommandExecutor.java:164)
                        	at org.openqa.selenium.remote.RemoteWebDriver.execute(RemoteWebDriver.java:641)
                        	at org.openqa.selenium.remote.RemoteWebDriver.findElement(RemoteWebDriver.java:414)
                        	at org.openqa.selenium.remote.RemoteWebDriver.findElementById(RemoteWebDriver.java:457)
                        	at org.openqa.selenium.By$ById.findElement(By.java:218)
                        	at org.openqa.selenium.remote.RemoteWebDriver.findElement(RemoteWebDriver.java:406)
                        	at com.snapdeal.Pages.HomePage.VerifyPassword(HomePage.java:71)
                        	at com.snapdeal.test.LoginTest.testLogin(LoginTest.java:42)
                        	at sun.reflect.NativeMethodAccessorImpl.invoke0(Native Method)
                        	at sun.reflect.NativeMethodAccessorImpl.invoke(NativeMethodAccessorImpl.java:62)
                        	at sun.reflect.DelegatingMethodAccessorImpl.invoke(DelegatingMethodAccessorImpl.java:43)
                        	at java.lang.reflect.Method.invoke(Method.java:498)
                        	at org.testng.internal.MethodInvocationHelper.invokeMethod(MethodInvocationHelper.java:108)
                        	at org.testng.internal.Invoker.invokeMethod(Invoker.java:661)
                        	at org.testng.internal.Invoker.invokeTestMethod(Invoker.java:869)
                        	at org.testng.internal.Invoker.invokeTestMethods(Invoker.java:1193)
                        	at org.testng.internal.TestMethodWorker.invokeTestMethods(TestMethodWorker.java:126)
                        	at org.testng.internal.TestMethodWorker.run(TestMethodWorker.java:109)
                        	at org.testng.TestRunner.privateRun(TestRunner.java:744)
                        	at org.testng.TestRunner.run(TestRunner.java:602)
                        	at org.testng.SuiteRunner.runTest(SuiteRunner.java:380)
                        	at org.testng.SuiteRunner.runSequentially(SuiteRunner.java:375)
                        	at org.testng.SuiteRunner.privateRun(SuiteRunner.java:340)
                        	at org.testng.SuiteRunner.run(SuiteRunner.java:289)
                        	at org.testng.SuiteRunnerWorker.runSuite(SuiteRunnerWorker.java:52)
                        	at org.testng.SuiteRunnerWorker.run(SuiteRunnerWorker.java:86)
                        	at org.testng.TestNG.runSuitesSequentially(TestNG.java:1301)
                        	at org.testng.TestNG.runSuitesLocally(TestNG.java:1226)
                        	at org.testng.TestNG.runSuites(TestNG.java:1144)
                        	at org.testng.TestNG.run(TestNG.java:1115)
                        	at org.testng.remote.AbstractRemoteTestNG.run(AbstractRemoteTestNG.java:132)
                        	at org.testng.remote.RemoteTestNG.initAndRun(RemoteTestNG.java:230)
                        	at org.testng.remote.RemoteTestNG.main(RemoteTestNG.java:76)
                     </pre>
                  </div>
               </td>
            </tr>
            <tr id="com.snapdeal.test.LoginTest_setUp_byStatus_passed_PASS1_row"
                class="testMethodStatusPASS testMethodStatusCONF">
               <td width="100%" class="firstMethodCell">
                  <a onclick="toggleDetailsVisibility('com.snapdeal.test.LoginTest_setUp_byStatus_passed_PASS1_details')">setUp()</a>
               </td>
               <td nowrap="true">17:15:45</td>
               <td nowrap="true" align="right">26s
                  
               </td>
               <td nowrap="true">
                   
                  
               </td>
            </tr>
            <tr>
               <td colspan="4" class="detailsBox">
                  <div id="com.snapdeal.test.LoginTest_setUp_byStatus_passed_PASS1_details"
                       class="testMethodDetails">
                     <div>
                        <b>Name: </b>setUp
                     </div>
                     <div>
                        <b>Signature: </b>setUp()[pri:0, instance:com.snapdeal.test.LoginTest@7823a2f9]
                     </div>
                     <div>
                        <b>Start time: </b>17:15:45
                     </div>
                     <div>
                        <b>End time: </b>17:16:11
                     </div>
                     <div>
                        <b>Duration: </b>26s
                        
                     </div>
                  </div>
               </td>
            </tr>
            <tr></tr>
            <tr id="com.snapdeal.test.LoginTest_testSearch_byStatus_passed_PASS2_row"
                class="testMethodStatusPASS">
               <td width="100%" class="firstMethodCell">
                  <a onclick="toggleDetailsVisibility('com.snapdeal.test.LoginTest_testSearch_byStatus_passed_PASS2_details')">testSearch()</a>
               </td>
               <td nowrap="true">17:16:11</td>
               <td nowrap="true" align="right">8s
                  
               </td>
               <td nowrap="true">
                   
                  
               </td>
            </tr>
            <tr>
               <td colspan="4" class="detailsBox">
                  <div id="com.snapdeal.test.LoginTest_testSearch_byStatus_passed_PASS2_details"
                       class="testMethodDetails">
                     <div>
                        <b>Name: </b>testSearch
                     </div>
                     <div>
                        <b>Signature: </b>testSearch()[pri:0, instance:com.snapdeal.test.LoginTest@7823a2f9]
                     </div>
                     <div>
                        <b>Start time: </b>17:16:11
                     </div>
                     <div>
                        <b>End time: </b>17:16:20
                     </div>
                     <div>
                        <b>Duration: </b>8s
                        
                     </div>
                  </div>
               </td>
            </tr>
            <tr></tr>
            <tr id="com.snapdeal.test.LoginTest_testLoginHeader_byStatus_passed_PASS3_row"
                class="testMethodStatusPASS">
               <td width="100%" class="firstMethodCell">
                  <a onclick="toggleDetailsVisibility('com.snapdeal.test.LoginTest_testLoginHeader_byStatus_passed_PASS3_details')">testLoginHeader()</a>
               </td>
               <td nowrap="true">17:16:20</td>
               <td nowrap="true" align="right">12s
                  
               </td>
               <td nowrap="true">
                   
                  
               </td>
            </tr>
            <tr>
               <td colspan="4" class="detailsBox">
                  <div id="com.snapdeal.test.LoginTest_testLoginHeader_byStatus_passed_PASS3_details"
                       class="testMethodDetails">
                     <div>
                        <b>Name: </b>testLoginHeader
                     </div>
                     <div>
                        <b>Signature: </b>testLoginHeader()[pri:1, instance:com.snapdeal.test.LoginTest@7823a2f9]
                     </div>
                     <div>
                        <b>Start time: </b>17:16:20
                     </div>
                     <div>
                        <b>End time: </b>17:16:32
                     </div>
                     <div>
                        <b>Duration: </b>12s
                        
                     </div>
                  </div>
               </td>
            </tr>
            <tr></tr>
            <tr id="com.snapdeal.test.LoginTest_teardown_byStatus_passed_PASS4_row"
                class="testMethodStatusPASS testMethodStatusCONF">
               <td width="100%" class="firstMethodCell">
                  <a onclick="toggleDetailsVisibility('com.snapdeal.test.LoginTest_teardown_byStatus_passed_PASS4_details')">teardown()</a>
               </td>
               <td nowrap="true">17:17:00</td>
               <td nowrap="true" align="right">4s
                  
               </td>
               <td nowrap="true">
                   
                  
               </td>
            </tr>
            <tr>
               <td colspan="4" class="detailsBox">
                  <div id="com.snapdeal.test.LoginTest_teardown_byStatus_passed_PASS4_details"
                       class="testMethodDetails">
                     <div>
                        <b>Name: </b>teardown
                     </div>
                     <div>
                        <b>Signature: </b>teardown()[pri:0, instance:com.snapdeal.test.LoginTest@7823a2f9]
                     </div>
                     <div>
                        <b>Start time: </b>17:17:00
                     </div>
                     <div>
                        <b>End time: </b>17:17:04
                     </div>
                     <div>
                        <b>Duration: </b>4s
                        
                     </div>
                  </div>
               </td>
            </tr>
            <tr></tr>
         </table>
      </div>
      <div id="testMethodsByClass">
         <table class="testMethodsTable" cellpadding="0" cellspacing="0">
            <tr>
               <td colspan="4">
                  <h3 style="display: inline;">com.snapdeal.test.LoginTest</h3>
               </td>
            </tr>
            <tr class="methodsTableHeader">
               <td width="100%">Name</td>
               <td nowrap="true">Started</td>
               <td nowrap="true">Duration</td>
               <td>Exception</td>
            </tr>
            <tr id="com.snapdeal.test.LoginTest_setUp_byClass_PASS1_row"
                class="testMethodStatusPASS testMethodStatusCONF">
               <td width="100%" class="firstMethodCell">
                  <a onclick="toggleDetailsVisibility('com.snapdeal.test.LoginTest_setUp_byClass_PASS1_details')">setUp()</a>
               </td>
               <td nowrap="true">17:15:45</td>
               <td nowrap="true" align="right">26s
                  
               </td>
               <td nowrap="true">
                   
                  
               </td>
            </tr>
            <tr>
               <td colspan="4" class="detailsBox">
                  <div id="com.snapdeal.test.LoginTest_setUp_byClass_PASS1_details"
                       class="testMethodDetails">
                     <div>
                        <b>Name: </b>setUp
                     </div>
                     <div>
                        <b>Signature: </b>setUp()[pri:0, instance:com.snapdeal.test.LoginTest@7823a2f9]
                     </div>
                     <div>
                        <b>Start time: </b>17:15:45
                     </div>
                     <div>
                        <b>End time: </b>17:16:11
                     </div>
                     <div>
                        <b>Duration: </b>26s
                        
                     </div>
                  </div>
               </td>
            </tr>
            <tr></tr>
            <tr id="com.snapdeal.test.LoginTest_testSearch_byClass_PASS2_row"
                class="testMethodStatusPASS">
               <td width="100%" class="firstMethodCell">
                  <a onclick="toggleDetailsVisibility('com.snapdeal.test.LoginTest_testSearch_byClass_PASS2_details')">testSearch()</a>
               </td>
               <td nowrap="true">17:16:11</td>
               <td nowrap="true" align="right">8s
                  
               </td>
               <td nowrap="true">
                   
                  
               </td>
            </tr>
            <tr>
               <td colspan="4" class="detailsBox">
                  <div id="com.snapdeal.test.LoginTest_testSearch_byClass_PASS2_details"
                       class="testMethodDetails">
                     <div>
                        <b>Name: </b>testSearch
                     </div>
                     <div>
                        <b>Signature: </b>testSearch()[pri:0, instance:com.snapdeal.test.LoginTest@7823a2f9]
                     </div>
                     <div>
                        <b>Start time: </b>17:16:11
                     </div>
                     <div>
                        <b>End time: </b>17:16:20
                     </div>
                     <div>
                        <b>Duration: </b>8s
                        
                     </div>
                  </div>
               </td>
            </tr>
            <tr></tr>
            <tr id="com.snapdeal.test.LoginTest_testLoginHeader_byClass_PASS3_row"
                class="testMethodStatusPASS">
               <td width="100%" class="firstMethodCell">
                  <a onclick="toggleDetailsVisibility('com.snapdeal.test.LoginTest_testLoginHeader_byClass_PASS3_details')">testLoginHeader()</a>
               </td>
               <td nowrap="true">17:16:20</td>
               <td nowrap="true" align="right">12s
                  
               </td>
               <td nowrap="true">
                   
                  
               </td>
            </tr>
            <tr>
               <td colspan="4" class="detailsBox">
                  <div id="com.snapdeal.test.LoginTest_testLoginHeader_byClass_PASS3_details"
                       class="testMethodDetails">
                     <div>
                        <b>Name: </b>testLoginHeader
                     </div>
                     <div>
                        <b>Signature: </b>testLoginHeader()[pri:1, instance:com.snapdeal.test.LoginTest@7823a2f9]
                     </div>
                     <div>
                        <b>Start time: </b>17:16:20
                     </div>
                     <div>
                        <b>End time: </b>17:16:32
                     </div>
                     <div>
                        <b>Duration: </b>12s
                        
                     </div>
                  </div>
               </td>
            </tr>
            <tr></tr>
            <tr id="com.snapdeal.test.LoginTest_testLogin_byClass_FAIL4_row"
                class="testMethodStatusFAIL">
               <td width="100%" class="firstMethodCell">
                  <a onclick="toggleDetailsVisibility('com.snapdeal.test.LoginTest_testLogin_byClass_FAIL4_details')">testLogin()</a>
               </td>
               <td nowrap="true">17:16:32</td>
               <td nowrap="true" align="right">22s
                  
               </td>
               <td nowrap="true">
                  <a onclick="toggleDetailsVisibility('com.snapdeal.test.LoginTest_testLogin_byClass_FAIL4_exception')">org.openqa.selenium.NoSuchElementException: 
                     An element could not be located on the page using the given search parameters. (WARNING: The server did not provide any stacktrace
                     information)
                     Command duration or timeout: 0 milliseconds
                     For documentation on this error, please visit: http://seleniumhq.org/exceptions/no_such_element.html
                     Build info: version: '3.5.2', revision: '10229a9020', time: '2017-08-21T17:54:21.164Z'
                     System info: host: 'JaivirMacBook-Pro.local', ip: 'fe80:0:0:0:18e0:9e9c:3d26:f90a%en0', os.name: 'Mac OS X', os.arch: 'x86_64',
                     os.version: '10.12.6', java.version: '1.8.0_144'
                     Driver info: org.openqa.selenium.remote.RemoteWebDriver
                     Capabilities [{appPackage=com.snapdeal.main, deviceScreenSize=540x960, networkConnectionEnabled=true, warnings={}, databaseEnabled=false,
                     deviceName=10.20.57.156:5555, platform=LINUX, deviceUDID=10.20.57.156:5555, appActivity=com.snapdeal.ui.material.activity.MaterialMainActivity,
                     desired={appPackage=com.snapdeal.main, appActivity=com.snapdeal.ui.material.activity.MaterialMainActivity, BROWSER_NAME=Chrome,
                     VERSION=7.0.2, platformName=Android, deviceName=SamsungEdge6}, BROWSER_NAME=Chrome, platformVersion=6.0, webStorageEnabled=false,
                     locationContextEnabled=false, VERSION=7.0.2, takesScreenshot=true, javascriptEnabled=true, deviceModel=MotoE2(4G-LTE), platformName=Android,
                     deviceManufacturer=motorola}]
                     Session ID: 9a7acb3c-34f8-4118-918b-80c78e589d0b
                     *** Element info: {Using=id, value=com.snapdeal.main:id/thirdEditText}
                     
                  </a>
                   
                  
               </td>
            </tr>
            <tr>
               <td colspan="4" class="detailsBox">
                  <div id="com.snapdeal.test.LoginTest_testLogin_byClass_FAIL4_details"
                       class="testMethodDetails">
                     <div>
                        <b>Name: </b>testLogin
                     </div>
                     <div>
                        <b>Signature: </b>testLogin()[pri:2, instance:com.snapdeal.test.LoginTest@7823a2f9]
                     </div>
                     <div>
                        <b>Start time: </b>17:16:32
                     </div>
                     <div>
                        <b>End time: </b>17:16:55
                     </div>
                     <div>
                        <b>Duration: </b>22s
                        
                     </div>
                  </div>
               </td>
            </tr>
            <tr>
               <td colspan="4" class="detailsBox">
                  <div id="com.snapdeal.test.LoginTest_testLogin_byClass_FAIL4_exception"
                       class="testMethodDetails">
                     <pre style="padding: 5px; margin: 0;">org.openqa.selenium.NoSuchElementException: An element could not be located on the page using the given search parameters.
                        (WARNING: The server did not provide any stacktrace information)
                        Command duration or timeout: 0 milliseconds
                        For documentation on this error, please visit: http://seleniumhq.org/exceptions/no_such_element.html
                        Build info: version: '3.5.2', revision: '10229a9020', time: '2017-08-21T17:54:21.164Z'
                        System info: host: 'JaivirMacBook-Pro.local', ip: 'fe80:0:0:0:18e0:9e9c:3d26:f90a%en0', os.name: 'Mac OS X', os.arch: 'x86_64',
                        os.version: '10.12.6', java.version: '1.8.0_144'
                        Driver info: org.openqa.selenium.remote.RemoteWebDriver
                        Capabilities [{appPackage=com.snapdeal.main, deviceScreenSize=540x960, networkConnectionEnabled=true, warnings={}, databaseEnabled=false,
                        deviceName=10.20.57.156:5555, platform=LINUX, deviceUDID=10.20.57.156:5555, appActivity=com.snapdeal.ui.material.activity.MaterialMainActivity,
                        desired={appPackage=com.snapdeal.main, appActivity=com.snapdeal.ui.material.activity.MaterialMainActivity, BROWSER_NAME=Chrome,
                        VERSION=7.0.2, platformName=Android, deviceName=SamsungEdge6}, BROWSER_NAME=Chrome, platformVersion=6.0, webStorageEnabled=false,
                        locationContextEnabled=false, VERSION=7.0.2, takesScreenshot=true, javascriptEnabled=true, deviceModel=MotoE2(4G-LTE), platformName=Android,
                        deviceManufacturer=motorola}]
                        Session ID: 9a7acb3c-34f8-4118-918b-80c78e589d0b
                        *** Element info: {Using=id, value=com.snapdeal.main:id/thirdEditText}
                        	at sun.reflect.NativeConstructorAccessorImpl.newInstance0(Native Method)
                        	at sun.reflect.NativeConstructorAccessorImpl.newInstance(NativeConstructorAccessorImpl.java:62)
                        	at sun.reflect.DelegatingConstructorAccessorImpl.newInstance(DelegatingConstructorAccessorImpl.java:45)
                        	at java.lang.reflect.Constructor.newInstance(Constructor.java:423)
                        	at org.openqa.selenium.remote.ErrorHandler.createThrowable(ErrorHandler.java:215)
                        	at org.openqa.selenium.remote.ErrorHandler.throwIfResponseFailed(ErrorHandler.java:167)
                        	at org.openqa.selenium.remote.http.JsonHttpResponseCodec.reconstructValue(JsonHttpResponseCodec.java:40)
                        	at org.openqa.selenium.remote.http.AbstractHttpResponseCodec.decode(AbstractHttpResponseCodec.java:82)
                        	at org.openqa.selenium.remote.http.AbstractHttpResponseCodec.decode(AbstractHttpResponseCodec.java:45)
                        	at org.openqa.selenium.remote.HttpCommandExecutor.execute(HttpCommandExecutor.java:164)
                        	at org.openqa.selenium.remote.RemoteWebDriver.execute(RemoteWebDriver.java:641)
                        	at org.openqa.selenium.remote.RemoteWebDriver.findElement(RemoteWebDriver.java:414)
                        	at org.openqa.selenium.remote.RemoteWebDriver.findElementById(RemoteWebDriver.java:457)
                        	at org.openqa.selenium.By$ById.findElement(By.java:218)
                        	at org.openqa.selenium.remote.RemoteWebDriver.findElement(RemoteWebDriver.java:406)
                        	at com.snapdeal.Pages.HomePage.VerifyPassword(HomePage.java:71)
                        	at com.snapdeal.test.LoginTest.testLogin(LoginTest.java:42)
                        	at sun.reflect.NativeMethodAccessorImpl.invoke0(Native Method)
                        	at sun.reflect.NativeMethodAccessorImpl.invoke(NativeMethodAccessorImpl.java:62)
                        	at sun.reflect.DelegatingMethodAccessorImpl.invoke(DelegatingMethodAccessorImpl.java:43)
                        	at java.lang.reflect.Method.invoke(Method.java:498)
                        	at org.testng.internal.MethodInvocationHelper.invokeMethod(MethodInvocationHelper.java:108)
                        	at org.testng.internal.Invoker.invokeMethod(Invoker.java:661)
                        	at org.testng.internal.Invoker.invokeTestMethod(Invoker.java:869)
                        	at org.testng.internal.Invoker.invokeTestMethods(Invoker.java:1193)
                        	at org.testng.internal.TestMethodWorker.invokeTestMethods(TestMethodWorker.java:126)
                        	at org.testng.internal.TestMethodWorker.run(TestMethodWorker.java:109)
                        	at org.testng.TestRunner.privateRun(TestRunner.java:744)
                        	at org.testng.TestRunner.run(TestRunner.java:602)
                        	at org.testng.SuiteRunner.runTest(SuiteRunner.java:380)
                        	at org.testng.SuiteRunner.runSequentially(SuiteRunner.java:375)
                        	at org.testng.SuiteRunner.privateRun(SuiteRunner.java:340)
                        	at org.testng.SuiteRunner.run(SuiteRunner.java:289)
                        	at org.testng.SuiteRunnerWorker.runSuite(SuiteRunnerWorker.java:52)
                        	at org.testng.SuiteRunnerWorker.run(SuiteRunnerWorker.java:86)
                        	at org.testng.TestNG.runSuitesSequentially(TestNG.java:1301)
                        	at org.testng.TestNG.runSuitesLocally(TestNG.java:1226)
                        	at org.testng.TestNG.runSuites(TestNG.java:1144)
                        	at org.testng.TestNG.run(TestNG.java:1115)
                        	at org.testng.remote.AbstractRemoteTestNG.run(AbstractRemoteTestNG.java:132)
                        	at org.testng.remote.RemoteTestNG.initAndRun(RemoteTestNG.java:230)
                        	at org.testng.remote.RemoteTestNG.main(RemoteTestNG.java:76)
                     </pre>
                  </div>
               </td>
            </tr>
            <tr id="com.snapdeal.test.LoginTest_teardown_byClass_PASS5_row"
                class="testMethodStatusPASS testMethodStatusCONF">
               <td width="100%" class="firstMethodCell">
                  <a onclick="toggleDetailsVisibility('com.snapdeal.test.LoginTest_teardown_byClass_PASS5_details')">teardown()</a>
               </td>
               <td nowrap="true">17:17:00</td>
               <td nowrap="true" align="right">4s
                  
               </td>
               <td nowrap="true">
                   
                  
               </td>
            </tr>
            <tr>
               <td colspan="4" class="detailsBox">
                  <div id="com.snapdeal.test.LoginTest_teardown_byClass_PASS5_details"
                       class="testMethodDetails">
                     <div>
                        <b>Name: </b>teardown
                     </div>
                     <div>
                        <b>Signature: </b>teardown()[pri:0, instance:com.snapdeal.test.LoginTest@7823a2f9]
                     </div>
                     <div>
                        <b>Start time: </b>17:17:00
                     </div>
                     <div>
                        <b>End time: </b>17:17:04
                     </div>
                     <div>
                        <b>Duration: </b>4s
                        
                     </div>
                  </div>
               </td>
            </tr>
            <tr></tr>
         </table>
         <br></br>
      </div>
      <div style="margin-top: 15px; color: gray; text-align: center; font-size: 9px;">
         Generated with
         
         <a href="http://code.google.com/p/testng-xslt/" style="color: #8888aa;"
            target="_blank">
            TestNG XSLT
            
         </a>
      </div>
   </body>
</html>